16:56:45.106 DEBUG org.apache.ibatis.logging.LogFactory 135 setImplementation - Logging initialized using 'class org.apache.ibatis.logging.log4j2.Log4j2Impl' adapter.
16:57:11.771 DEBUG org.apache.ibatis.logging.jdbc.BaseJdbcLogger 142 debug - ==>  Preparing: select * from t_goodsbrand limit ?,? 
16:57:11.799 DEBUG org.apache.ibatis.logging.jdbc.BaseJdbcLogger 142 debug - ==> Parameters: 0(Integer), 5(Integer)
16:57:11.818 DEBUG org.apache.ibatis.logging.jdbc.BaseJdbcLogger 142 debug - <==      Total: 5
16:57:13.514 DEBUG org.apache.ibatis.logging.jdbc.BaseJdbcLogger 142 debug - ==>  Preparing: select * from t_goodsbrand limit ?,? 
16:57:13.515 DEBUG org.apache.ibatis.logging.jdbc.BaseJdbcLogger 142 debug - ==> Parameters: 0(Integer), 5(Integer)
16:57:13.519 DEBUG org.apache.ibatis.logging.jdbc.BaseJdbcLogger 142 debug - <==      Total: 5
16:57:13.566 DEBUG org.apache.ibatis.logging.jdbc.BaseJdbcLogger 142 debug - ==>  Preparing: select * from t_goodsbrand limit ?,? 
16:57:13.567 DEBUG org.apache.ibatis.logging.jdbc.BaseJdbcLogger 142 debug - ==> Parameters: 0(Integer), 5(Integer)
16:57:13.570 DEBUG org.apache.ibatis.logging.jdbc.BaseJdbcLogger 142 debug - <==      Total: 5
16:57:18.350 DEBUG org.apache.ibatis.logging.jdbc.BaseJdbcLogger 142 debug - ==>  Preparing: select * from t_goodsbrand limit ?,? 
16:57:18.352 DEBUG org.apache.ibatis.logging.jdbc.BaseJdbcLogger 142 debug - ==> Parameters: 5(Integer), 5(Integer)
16:57:18.355 DEBUG org.apache.ibatis.logging.jdbc.BaseJdbcLogger 142 debug - <==      Total: 4
16:57:19.825 DEBUG org.apache.ibatis.logging.jdbc.BaseJdbcLogger 142 debug - ==>  Preparing: select * from t_goodsbrand limit ?,? 
16:57:19.826 DEBUG org.apache.ibatis.logging.jdbc.BaseJdbcLogger 142 debug - ==> Parameters: 10(Integer), 5(Integer)
16:57:19.827 DEBUG org.apache.ibatis.logging.jdbc.BaseJdbcLogger 142 debug - <==      Total: 0
16:57:21.712 DEBUG org.apache.ibatis.logging.jdbc.BaseJdbcLogger 142 debug - ==>  Preparing: select * from t_goodsbrand limit ?,? 
16:57:21.713 DEBUG org.apache.ibatis.logging.jdbc.BaseJdbcLogger 142 debug - ==> Parameters: 0(Integer), 5(Integer)
16:57:21.714 DEBUG org.apache.ibatis.logging.jdbc.BaseJdbcLogger 142 debug - <==      Total: 5
16:57:24.224 DEBUG org.apache.ibatis.logging.jdbc.BaseJdbcLogger 142 debug - ==>  Preparing: select * from t_goodsbrand limit ?,? 
16:57:24.224 DEBUG org.apache.ibatis.logging.jdbc.BaseJdbcLogger 142 debug - ==> Parameters: 5(Integer), 5(Integer)
16:57:24.226 DEBUG org.apache.ibatis.logging.jdbc.BaseJdbcLogger 142 debug - <==      Total: 4
16:58:51.923 DEBUG org.apache.ibatis.logging.jdbc.BaseJdbcLogger 142 debug - ==>  Preparing: select * from t_goodsbrand limit ?,? 
16:58:51.925 DEBUG org.apache.ibatis.logging.jdbc.BaseJdbcLogger 142 debug - ==> Parameters: 0(Integer), 5(Integer)
16:58:51.930 DEBUG org.apache.ibatis.logging.jdbc.BaseJdbcLogger 142 debug - <==      Total: 5
16:59:06.081 DEBUG org.apache.ibatis.logging.jdbc.BaseJdbcLogger 142 debug - ==>  Preparing: select * from t_goodsbrand limit ?,? 
16:59:06.081 DEBUG org.apache.ibatis.logging.jdbc.BaseJdbcLogger 142 debug - ==> Parameters: 0(Integer), 5(Integer)
16:59:06.083 DEBUG org.apache.ibatis.logging.jdbc.BaseJdbcLogger 142 debug - <==      Total: 5
16:59:07.578 DEBUG org.apache.ibatis.logging.jdbc.BaseJdbcLogger 142 debug - ==>  Preparing: select * from t_goodsbrand limit ?,? 
16:59:07.578 DEBUG org.apache.ibatis.logging.jdbc.BaseJdbcLogger 142 debug - ==> Parameters: 0(Integer), 5(Integer)
16:59:07.580 DEBUG org.apache.ibatis.logging.jdbc.BaseJdbcLogger 142 debug - <==      Total: 5
16:59:07.635 DEBUG org.apache.ibatis.logging.jdbc.BaseJdbcLogger 142 debug - ==>  Preparing: select * from t_goodsbrand limit ?,? 
16:59:07.636 DEBUG org.apache.ibatis.logging.jdbc.BaseJdbcLogger 142 debug - ==> Parameters: 0(Integer), 5(Integer)
16:59:07.638 DEBUG org.apache.ibatis.logging.jdbc.BaseJdbcLogger 142 debug - <==      Total: 5
16:59:23.100 DEBUG org.apache.ibatis.logging.jdbc.BaseJdbcLogger 142 debug - ==>  Preparing: select * from t_goodsbrand limit ?,? 
16:59:23.101 DEBUG org.apache.ibatis.logging.jdbc.BaseJdbcLogger 142 debug - ==> Parameters: 0(Integer), 5(Integer)
16:59:23.102 DEBUG org.apache.ibatis.logging.jdbc.BaseJdbcLogger 142 debug - <==      Total: 5
16:59:23.854 DEBUG org.apache.ibatis.logging.jdbc.BaseJdbcLogger 142 debug - ==>  Preparing: select * from t_goodsbrand limit ?,? 
16:59:23.855 DEBUG org.apache.ibatis.logging.jdbc.BaseJdbcLogger 142 debug - ==> Parameters: 0(Integer), 5(Integer)
16:59:23.859 DEBUG org.apache.ibatis.logging.jdbc.BaseJdbcLogger 142 debug - <==      Total: 5
16:59:23.883 DEBUG org.apache.ibatis.logging.jdbc.BaseJdbcLogger 142 debug - ==>  Preparing: select * from t_goodsbrand limit ?,? 
16:59:23.884 DEBUG org.apache.ibatis.logging.jdbc.BaseJdbcLogger 142 debug - ==> Parameters: 0(Integer), 5(Integer)
16:59:23.886 DEBUG org.apache.ibatis.logging.jdbc.BaseJdbcLogger 142 debug - <==      Total: 5
16:59:32.226 DEBUG org.apache.ibatis.logging.jdbc.BaseJdbcLogger 142 debug - ==>  Preparing: select * from t_goodsbrand limit ?,? 
16:59:32.227 DEBUG org.apache.ibatis.logging.jdbc.BaseJdbcLogger 142 debug - ==> Parameters: 0(Integer), 5(Integer)
16:59:32.229 DEBUG org.apache.ibatis.logging.jdbc.BaseJdbcLogger 142 debug - <==      Total: 5
16:59:33.089 DEBUG org.apache.ibatis.logging.jdbc.BaseJdbcLogger 142 debug - ==>  Preparing: select * from t_goodsbrand limit ?,? 
16:59:33.092 DEBUG org.apache.ibatis.logging.jdbc.BaseJdbcLogger 142 debug - ==> Parameters: 0(Integer), 5(Integer)
16:59:33.096 DEBUG org.apache.ibatis.logging.jdbc.BaseJdbcLogger 142 debug - <==      Total: 5
16:59:33.127 DEBUG org.apache.ibatis.logging.jdbc.BaseJdbcLogger 142 debug - ==>  Preparing: select * from t_goodsbrand limit ?,? 
16:59:33.128 DEBUG org.apache.ibatis.logging.jdbc.BaseJdbcLogger 142 debug - ==> Parameters: 0(Integer), 5(Integer)
16:59:33.130 DEBUG org.apache.ibatis.logging.jdbc.BaseJdbcLogger 142 debug - <==      Total: 5
17:00:52.952 DEBUG org.apache.ibatis.logging.jdbc.BaseJdbcLogger 142 debug - ==>  Preparing: select * from t_goodsbrand limit ?,? 
17:00:52.954 DEBUG org.apache.ibatis.logging.jdbc.BaseJdbcLogger 142 debug - ==> Parameters: 0(Integer), 5(Integer)
17:00:52.956 DEBUG org.apache.ibatis.logging.jdbc.BaseJdbcLogger 142 debug - <==      Total: 5
17:00:53.751 DEBUG org.apache.ibatis.logging.jdbc.BaseJdbcLogger 142 debug - ==>  Preparing: select * from t_goodsbrand limit ?,? 
17:00:53.751 DEBUG org.apache.ibatis.logging.jdbc.BaseJdbcLogger 142 debug - ==> Parameters: 0(Integer), 5(Integer)
17:00:53.753 DEBUG org.apache.ibatis.logging.jdbc.BaseJdbcLogger 142 debug - <==      Total: 5
17:00:53.773 DEBUG org.apache.ibatis.logging.jdbc.BaseJdbcLogger 142 debug - ==>  Preparing: select * from t_goodsbrand limit ?,? 
17:00:53.776 DEBUG org.apache.ibatis.logging.jdbc.BaseJdbcLogger 142 debug - ==> Parameters: 0(Integer), 5(Integer)
17:00:53.778 DEBUG org.apache.ibatis.logging.jdbc.BaseJdbcLogger 142 debug - <==      Total: 5
17:00:56.781 DEBUG org.apache.ibatis.logging.jdbc.BaseJdbcLogger 142 debug - ==>  Preparing: select * from t_goodsbrand limit ?,? 
17:00:56.782 DEBUG org.apache.ibatis.logging.jdbc.BaseJdbcLogger 142 debug - ==> Parameters: 5(Integer), 5(Integer)
17:00:56.785 DEBUG org.apache.ibatis.logging.jdbc.BaseJdbcLogger 142 debug - <==      Total: 4
17:00:57.370 DEBUG org.apache.ibatis.logging.jdbc.BaseJdbcLogger 142 debug - ==>  Preparing: select * from t_goodsbrand limit ?,? 
17:00:57.371 DEBUG org.apache.ibatis.logging.jdbc.BaseJdbcLogger 142 debug - ==> Parameters: 10(Integer), 5(Integer)
17:00:57.372 DEBUG org.apache.ibatis.logging.jdbc.BaseJdbcLogger 142 debug - <==      Total: 0
17:00:58.720 DEBUG org.apache.ibatis.logging.jdbc.BaseJdbcLogger 142 debug - ==>  Preparing: select * from t_goodsbrand limit ?,? 
17:00:58.720 DEBUG org.apache.ibatis.logging.jdbc.BaseJdbcLogger 142 debug - ==> Parameters: 0(Integer), 5(Integer)
17:00:58.722 DEBUG org.apache.ibatis.logging.jdbc.BaseJdbcLogger 142 debug - <==      Total: 5
17:02:27.955 DEBUG org.apache.ibatis.logging.jdbc.BaseJdbcLogger 142 debug - ==>  Preparing: select * from t_goodsbrand limit ?,? 
17:02:27.956 DEBUG org.apache.ibatis.logging.jdbc.BaseJdbcLogger 142 debug - ==> Parameters: 0(Integer), 5(Integer)
17:02:27.960 DEBUG org.apache.ibatis.logging.jdbc.BaseJdbcLogger 142 debug - <==      Total: 5
17:04:10.852 DEBUG org.apache.ibatis.logging.jdbc.BaseJdbcLogger 142 debug - ==>  Preparing: select * from t_goodsbrand limit ?,? 
17:04:10.853 DEBUG org.apache.ibatis.logging.jdbc.BaseJdbcLogger 142 debug - ==> Parameters: 0(Integer), 5(Integer)
17:04:10.855 DEBUG org.apache.ibatis.logging.jdbc.BaseJdbcLogger 142 debug - <==      Total: 5
17:04:11.968 DEBUG org.apache.ibatis.logging.jdbc.BaseJdbcLogger 142 debug - ==>  Preparing: select * from t_goodsbrand limit ?,? 
17:04:11.969 DEBUG org.apache.ibatis.logging.jdbc.BaseJdbcLogger 142 debug - ==> Parameters: 0(Integer), 5(Integer)
17:04:11.971 DEBUG org.apache.ibatis.logging.jdbc.BaseJdbcLogger 142 debug - <==      Total: 5
17:04:11.994 DEBUG org.apache.ibatis.logging.jdbc.BaseJdbcLogger 142 debug - ==>  Preparing: select * from t_goodsbrand limit ?,? 
17:04:11.994 DEBUG org.apache.ibatis.logging.jdbc.BaseJdbcLogger 142 debug - ==> Parameters: 0(Integer), 5(Integer)
17:04:11.995 DEBUG org.apache.ibatis.logging.jdbc.BaseJdbcLogger 142 debug - <==      Total: 5
17:04:15.623 DEBUG org.apache.ibatis.logging.jdbc.BaseJdbcLogger 142 debug - ==>  Preparing: select * from t_goodsbrand limit ?,? 
17:04:15.623 DEBUG org.apache.ibatis.logging.jdbc.BaseJdbcLogger 142 debug - ==> Parameters: 5(Integer), 5(Integer)
17:04:15.626 DEBUG org.apache.ibatis.logging.jdbc.BaseJdbcLogger 142 debug - <==      Total: 4
17:04:17.424 DEBUG org.apache.ibatis.logging.jdbc.BaseJdbcLogger 142 debug - ==>  Preparing: select * from t_goodsbrand limit ?,? 
17:04:17.425 DEBUG org.apache.ibatis.logging.jdbc.BaseJdbcLogger 142 debug - ==> Parameters: 0(Integer), 5(Integer)
17:04:17.426 DEBUG org.apache.ibatis.logging.jdbc.BaseJdbcLogger 142 debug - <==      Total: 5
17:04:55.373 DEBUG org.apache.ibatis.logging.LogFactory 135 setImplementation - Logging initialized using 'class org.apache.ibatis.logging.log4j2.Log4j2Impl' adapter.
17:05:17.261 DEBUG org.apache.ibatis.logging.jdbc.BaseJdbcLogger 142 debug - ==>  Preparing: select * from t_goodsbrand limit ?,? 
17:05:17.275 DEBUG org.apache.ibatis.logging.jdbc.BaseJdbcLogger 142 debug - ==> Parameters: 0(Integer), 5(Integer)
17:05:17.287 DEBUG org.apache.ibatis.logging.jdbc.BaseJdbcLogger 142 debug - <==      Total: 5
17:05:18.316 DEBUG org.apache.ibatis.logging.jdbc.BaseJdbcLogger 142 debug - ==>  Preparing: select * from t_goodsbrand limit ?,? 
17:05:18.317 DEBUG org.apache.ibatis.logging.jdbc.BaseJdbcLogger 142 debug - ==> Parameters: 0(Integer), 5(Integer)
17:05:18.319 DEBUG org.apache.ibatis.logging.jdbc.BaseJdbcLogger 142 debug - <==      Total: 5
17:05:18.340 DEBUG org.apache.ibatis.logging.jdbc.BaseJdbcLogger 142 debug - ==>  Preparing: select * from t_goodsbrand limit ?,? 
17:05:18.341 DEBUG org.apache.ibatis.logging.jdbc.BaseJdbcLogger 142 debug - ==> Parameters: 0(Integer), 5(Integer)
17:05:18.345 DEBUG org.apache.ibatis.logging.jdbc.BaseJdbcLogger 142 debug - <==      Total: 5
17:05:38.692 DEBUG org.apache.ibatis.logging.jdbc.BaseJdbcLogger 142 debug - ==>  Preparing: select * from t_first_product AS fp,t_goodsbrand AS b WHERE fp.bid=b.id limit ?,? 
17:05:38.695 DEBUG org.apache.ibatis.logging.jdbc.BaseJdbcLogger 142 debug - ==> Parameters: 0(Integer), 5(Integer)
17:05:38.699 DEBUG org.apache.ibatis.logging.jdbc.BaseJdbcLogger 142 debug - <==      Total: 5
17:05:40.022 DEBUG org.apache.ibatis.logging.jdbc.BaseJdbcLogger 142 debug - ==>  Preparing: select * from t_first_product AS fp,t_goodsbrand AS b WHERE fp.bid=b.id limit ?,? 
17:05:40.022 DEBUG org.apache.ibatis.logging.jdbc.BaseJdbcLogger 142 debug - ==> Parameters: 0(Integer), 5(Integer)
17:05:40.026 DEBUG org.apache.ibatis.logging.jdbc.BaseJdbcLogger 142 debug - <==      Total: 5
17:05:40.048 DEBUG org.apache.ibatis.logging.jdbc.BaseJdbcLogger 142 debug - ==>  Preparing: select * from t_first_product AS fp,t_goodsbrand AS b WHERE fp.bid=b.id limit ?,? 
17:05:40.049 DEBUG org.apache.ibatis.logging.jdbc.BaseJdbcLogger 142 debug - ==> Parameters: 0(Integer), 5(Integer)
17:05:40.051 DEBUG org.apache.ibatis.logging.jdbc.BaseJdbcLogger 142 debug - <==      Total: 5
17:05:41.493 DEBUG org.apache.ibatis.logging.jdbc.BaseJdbcLogger 142 debug - ==>  Preparing: select * from t_first_product AS fp,t_goodsbrand AS b WHERE fp.bid=b.id limit ?,? 
17:05:41.494 DEBUG org.apache.ibatis.logging.jdbc.BaseJdbcLogger 142 debug - ==> Parameters: 5(Integer), 5(Integer)
17:05:41.499 DEBUG org.apache.ibatis.logging.jdbc.BaseJdbcLogger 142 debug - <==      Total: 5
17:05:42.416 DEBUG org.apache.ibatis.logging.jdbc.BaseJdbcLogger 142 debug - ==>  Preparing: select * from t_first_product AS fp,t_goodsbrand AS b WHERE fp.bid=b.id limit ?,? 
17:05:42.417 DEBUG org.apache.ibatis.logging.jdbc.BaseJdbcLogger 142 debug - ==> Parameters: 10(Integer), 5(Integer)
17:05:42.419 DEBUG org.apache.ibatis.logging.jdbc.BaseJdbcLogger 142 debug - <==      Total: 2
17:05:43.486 DEBUG org.apache.ibatis.logging.jdbc.BaseJdbcLogger 142 debug - ==>  Preparing: select * from t_first_product AS fp,t_goodsbrand AS b WHERE fp.bid=b.id limit ?,? 
17:05:43.487 DEBUG org.apache.ibatis.logging.jdbc.BaseJdbcLogger 142 debug - ==> Parameters: 0(Integer), 5(Integer)
17:05:43.489 DEBUG org.apache.ibatis.logging.jdbc.BaseJdbcLogger 142 debug - <==      Total: 5
17:06:42.686 DEBUG org.apache.ibatis.logging.jdbc.BaseJdbcLogger 142 debug - ==>  Preparing: select * from t_first_product AS fp,t_goodsbrand AS b WHERE fp.bid=b.id limit ?,? 
17:06:42.688 DEBUG org.apache.ibatis.logging.jdbc.BaseJdbcLogger 142 debug - ==> Parameters: 0(Integer), 5(Integer)
17:06:42.694 DEBUG org.apache.ibatis.logging.jdbc.BaseJdbcLogger 142 debug - <==      Total: 5
17:06:43.486 DEBUG org.apache.ibatis.logging.jdbc.BaseJdbcLogger 142 debug - ==>  Preparing: select * from t_first_product AS fp,t_goodsbrand AS b WHERE fp.bid=b.id limit ?,? 
17:06:43.487 DEBUG org.apache.ibatis.logging.jdbc.BaseJdbcLogger 142 debug - ==> Parameters: 0(Integer), 5(Integer)
17:06:43.489 DEBUG org.apache.ibatis.logging.jdbc.BaseJdbcLogger 142 debug - <==      Total: 5
17:06:43.511 DEBUG org.apache.ibatis.logging.jdbc.BaseJdbcLogger 142 debug - ==>  Preparing: select * from t_first_product AS fp,t_goodsbrand AS b WHERE fp.bid=b.id limit ?,? 
17:06:43.512 DEBUG org.apache.ibatis.logging.jdbc.BaseJdbcLogger 142 debug - ==> Parameters: 0(Integer), 5(Integer)
17:06:43.514 DEBUG org.apache.ibatis.logging.jdbc.BaseJdbcLogger 142 debug - <==      Total: 5
17:06:44.974 DEBUG org.apache.ibatis.logging.jdbc.BaseJdbcLogger 142 debug - ==>  Preparing: select * from t_first_product AS fp,t_goodsbrand AS b WHERE fp.bid=b.id limit ?,? 
17:06:44.975 DEBUG org.apache.ibatis.logging.jdbc.BaseJdbcLogger 142 debug - ==> Parameters: 5(Integer), 5(Integer)
17:06:44.978 DEBUG org.apache.ibatis.logging.jdbc.BaseJdbcLogger 142 debug - <==      Total: 5
17:06:45.365 DEBUG org.apache.ibatis.logging.jdbc.BaseJdbcLogger 142 debug - ==>  Preparing: select * from t_first_product AS fp,t_goodsbrand AS b WHERE fp.bid=b.id limit ?,? 
17:06:45.367 DEBUG org.apache.ibatis.logging.jdbc.BaseJdbcLogger 142 debug - ==> Parameters: 10(Integer), 5(Integer)
17:06:45.369 DEBUG org.apache.ibatis.logging.jdbc.BaseJdbcLogger 142 debug - <==      Total: 2
17:06:48.048 DEBUG org.apache.ibatis.logging.jdbc.BaseJdbcLogger 142 debug - ==>  Preparing: select * from t_goodsbrand limit ?,? 
17:06:48.049 DEBUG org.apache.ibatis.logging.jdbc.BaseJdbcLogger 142 debug - ==> Parameters: 0(Integer), 5(Integer)
17:06:48.052 DEBUG org.apache.ibatis.logging.jdbc.BaseJdbcLogger 142 debug - <==      Total: 5
17:06:49.121 DEBUG org.apache.ibatis.logging.jdbc.BaseJdbcLogger 142 debug - ==>  Preparing: select * from t_goodsbrand limit ?,? 
17:06:49.122 DEBUG org.apache.ibatis.logging.jdbc.BaseJdbcLogger 142 debug - ==> Parameters: 0(Integer), 5(Integer)
17:06:49.124 DEBUG org.apache.ibatis.logging.jdbc.BaseJdbcLogger 142 debug - <==      Total: 5
17:06:49.150 DEBUG org.apache.ibatis.logging.jdbc.BaseJdbcLogger 142 debug - ==>  Preparing: select * from t_goodsbrand limit ?,? 
17:06:49.151 DEBUG org.apache.ibatis.logging.jdbc.BaseJdbcLogger 142 debug - ==> Parameters: 0(Integer), 5(Integer)
17:06:49.152 DEBUG org.apache.ibatis.logging.jdbc.BaseJdbcLogger 142 debug - <==      Total: 5
17:06:59.379 DEBUG org.apache.ibatis.logging.jdbc.BaseJdbcLogger 142 debug - ==>  Preparing: select * from t_goodsbrand limit ?,? 
17:06:59.383 DEBUG org.apache.ibatis.logging.jdbc.BaseJdbcLogger 142 debug - ==> Parameters: 0(Integer), 5(Integer)
17:06:59.384 DEBUG org.apache.ibatis.logging.jdbc.BaseJdbcLogger 142 debug - <==      Total: 5
17:07:00.181 DEBUG org.apache.ibatis.logging.jdbc.BaseJdbcLogger 142 debug - ==>  Preparing: select * from t_goodsbrand limit ?,? 
17:07:00.181 DEBUG org.apache.ibatis.logging.jdbc.BaseJdbcLogger 142 debug - ==> Parameters: 0(Integer), 5(Integer)
17:07:00.183 DEBUG org.apache.ibatis.logging.jdbc.BaseJdbcLogger 142 debug - <==      Total: 5
17:07:00.209 DEBUG org.apache.ibatis.logging.jdbc.BaseJdbcLogger 142 debug - ==>  Preparing: select * from t_goodsbrand limit ?,? 
17:07:00.210 DEBUG org.apache.ibatis.logging.jdbc.BaseJdbcLogger 142 debug - ==> Parameters: 0(Integer), 5(Integer)
17:07:00.211 DEBUG org.apache.ibatis.logging.jdbc.BaseJdbcLogger 142 debug - <==      Total: 5
17:07:01.949 DEBUG org.apache.ibatis.logging.jdbc.BaseJdbcLogger 142 debug - ==>  Preparing: select * from t_goodsbrand limit ?,? 
17:07:01.950 DEBUG org.apache.ibatis.logging.jdbc.BaseJdbcLogger 142 debug - ==> Parameters: 0(Integer), 5(Integer)
17:07:01.954 DEBUG org.apache.ibatis.logging.jdbc.BaseJdbcLogger 142 debug - <==      Total: 5
17:07:02.686 DEBUG org.apache.ibatis.logging.jdbc.BaseJdbcLogger 142 debug - ==>  Preparing: select * from t_goodsbrand limit ?,? 
17:07:02.687 DEBUG org.apache.ibatis.logging.jdbc.BaseJdbcLogger 142 debug - ==> Parameters: 0(Integer), 5(Integer)
17:07:02.689 DEBUG org.apache.ibatis.logging.jdbc.BaseJdbcLogger 142 debug - <==      Total: 5
17:07:02.713 DEBUG org.apache.ibatis.logging.jdbc.BaseJdbcLogger 142 debug - ==>  Preparing: select * from t_goodsbrand limit ?,? 
17:07:02.713 DEBUG org.apache.ibatis.logging.jdbc.BaseJdbcLogger 142 debug - ==> Parameters: 0(Integer), 5(Integer)
17:07:02.716 DEBUG org.apache.ibatis.logging.jdbc.BaseJdbcLogger 142 debug - <==      Total: 5
17:07:42.024 DEBUG org.apache.ibatis.logging.LogFactory 135 setImplementation - Logging initialized using 'class org.apache.ibatis.logging.log4j2.Log4j2Impl' adapter.
17:08:09.004 DEBUG org.apache.ibatis.logging.jdbc.BaseJdbcLogger 142 debug - ==>  Preparing: select * from t_goodsbrand limit ?,? 
17:08:09.030 DEBUG org.apache.ibatis.logging.jdbc.BaseJdbcLogger 142 debug - ==> Parameters: 0(Integer), 5(Integer)
17:08:09.051 DEBUG org.apache.ibatis.logging.jdbc.BaseJdbcLogger 142 debug - <==      Total: 5
17:08:10.479 DEBUG org.apache.ibatis.logging.jdbc.BaseJdbcLogger 142 debug - ==>  Preparing: select * from t_goodsbrand limit ?,? 
17:08:10.480 DEBUG org.apache.ibatis.logging.jdbc.BaseJdbcLogger 142 debug - ==> Parameters: 0(Integer), 5(Integer)
17:08:10.483 DEBUG org.apache.ibatis.logging.jdbc.BaseJdbcLogger 142 debug - <==      Total: 5
17:08:10.516 DEBUG org.apache.ibatis.logging.jdbc.BaseJdbcLogger 142 debug - ==>  Preparing: select * from t_goodsbrand limit ?,? 
17:08:10.516 DEBUG org.apache.ibatis.logging.jdbc.BaseJdbcLogger 142 debug - ==> Parameters: 0(Integer), 5(Integer)
17:08:10.519 DEBUG org.apache.ibatis.logging.jdbc.BaseJdbcLogger 142 debug - <==      Total: 5
17:09:58.187 DEBUG org.apache.ibatis.logging.jdbc.BaseJdbcLogger 142 debug - ==>  Preparing: select * from t_goodsbrand limit ?,? 
17:09:58.188 DEBUG org.apache.ibatis.logging.jdbc.BaseJdbcLogger 142 debug - ==> Parameters: 0(Integer), 5(Integer)
17:09:58.194 DEBUG org.apache.ibatis.logging.jdbc.BaseJdbcLogger 142 debug - <==      Total: 5
17:09:58.958 DEBUG org.apache.ibatis.logging.jdbc.BaseJdbcLogger 142 debug - ==>  Preparing: select * from t_goodsbrand limit ?,? 
17:09:58.959 DEBUG org.apache.ibatis.logging.jdbc.BaseJdbcLogger 142 debug - ==> Parameters: 0(Integer), 5(Integer)
17:09:58.960 DEBUG org.apache.ibatis.logging.jdbc.BaseJdbcLogger 142 debug - <==      Total: 5
17:09:58.983 DEBUG org.apache.ibatis.logging.jdbc.BaseJdbcLogger 142 debug - ==>  Preparing: select * from t_goodsbrand limit ?,? 
17:09:58.983 DEBUG org.apache.ibatis.logging.jdbc.BaseJdbcLogger 142 debug - ==> Parameters: 0(Integer), 5(Integer)
17:09:58.986 DEBUG org.apache.ibatis.logging.jdbc.BaseJdbcLogger 142 debug - <==      Total: 5
17:10:18.778 DEBUG org.apache.ibatis.logging.jdbc.BaseJdbcLogger 142 debug - ==>  Preparing: select * from t_goodsbrand limit ?,? 
17:10:18.779 DEBUG org.apache.ibatis.logging.jdbc.BaseJdbcLogger 142 debug - ==> Parameters: 0(Integer), 5(Integer)
17:10:18.783 DEBUG org.apache.ibatis.logging.jdbc.BaseJdbcLogger 142 debug - <==      Total: 5
17:10:19.583 DEBUG org.apache.ibatis.logging.jdbc.BaseJdbcLogger 142 debug - ==>  Preparing: select * from t_goodsbrand limit ?,? 
17:10:19.587 DEBUG org.apache.ibatis.logging.jdbc.BaseJdbcLogger 142 debug - ==> Parameters: 0(Integer), 5(Integer)
17:10:19.589 DEBUG org.apache.ibatis.logging.jdbc.BaseJdbcLogger 142 debug - <==      Total: 5
17:10:19.606 DEBUG org.apache.ibatis.logging.jdbc.BaseJdbcLogger 142 debug - ==>  Preparing: select * from t_goodsbrand limit ?,? 
17:10:19.607 DEBUG org.apache.ibatis.logging.jdbc.BaseJdbcLogger 142 debug - ==> Parameters: 0(Integer), 5(Integer)
17:10:19.609 DEBUG org.apache.ibatis.logging.jdbc.BaseJdbcLogger 142 debug - <==      Total: 5
17:10:21.137 DEBUG org.apache.ibatis.logging.jdbc.BaseJdbcLogger 142 debug - ==>  Preparing: select * from t_goodsbrand limit ?,? 
17:10:21.138 DEBUG org.apache.ibatis.logging.jdbc.BaseJdbcLogger 142 debug - ==> Parameters: 5(Integer), 5(Integer)
17:10:21.141 DEBUG org.apache.ibatis.logging.jdbc.BaseJdbcLogger 142 debug - <==      Total: 4
17:10:22.641 DEBUG org.apache.ibatis.logging.jdbc.BaseJdbcLogger 142 debug - ==>  Preparing: select * from t_goodsbrand limit ?,? 
17:10:22.643 DEBUG org.apache.ibatis.logging.jdbc.BaseJdbcLogger 142 debug - ==> Parameters: 0(Integer), 5(Integer)
17:10:22.645 DEBUG org.apache.ibatis.logging.jdbc.BaseJdbcLogger 142 debug - <==      Total: 5
17:10:25.037 DEBUG org.apache.ibatis.logging.jdbc.BaseJdbcLogger 142 debug - ==>  Preparing: select * from t_goodsbrand limit ?,? 
17:10:25.038 DEBUG org.apache.ibatis.logging.jdbc.BaseJdbcLogger 142 debug - ==> Parameters: 0(Integer), 10(Integer)
17:10:25.040 DEBUG org.apache.ibatis.logging.jdbc.BaseJdbcLogger 142 debug - <==      Total: 9
17:10:26.646 DEBUG org.apache.ibatis.logging.jdbc.BaseJdbcLogger 142 debug - ==>  Preparing: select * from t_goodsbrand limit ?,? 
17:10:26.647 DEBUG org.apache.ibatis.logging.jdbc.BaseJdbcLogger 142 debug - ==> Parameters: 0(Integer), 5(Integer)
17:10:26.649 DEBUG org.apache.ibatis.logging.jdbc.BaseJdbcLogger 142 debug - <==      Total: 5
17:10:30.064 DEBUG org.apache.ibatis.logging.jdbc.BaseJdbcLogger 142 debug - ==>  Preparing: select * from t_first_product AS fp,t_goodsbrand AS b WHERE fp.bid=b.id limit ?,? 
17:10:30.064 DEBUG org.apache.ibatis.logging.jdbc.BaseJdbcLogger 142 debug - ==> Parameters: 0(Integer), 5(Integer)
17:10:30.068 DEBUG org.apache.ibatis.logging.jdbc.BaseJdbcLogger 142 debug - <==      Total: 5
17:10:31.078 DEBUG org.apache.ibatis.logging.jdbc.BaseJdbcLogger 142 debug - ==>  Preparing: select * from t_first_product AS fp,t_goodsbrand AS b WHERE fp.bid=b.id limit ?,? 
17:10:31.079 DEBUG org.apache.ibatis.logging.jdbc.BaseJdbcLogger 142 debug - ==> Parameters: 0(Integer), 5(Integer)
17:10:31.082 DEBUG org.apache.ibatis.logging.jdbc.BaseJdbcLogger 142 debug - <==      Total: 5
17:10:31.100 DEBUG org.apache.ibatis.logging.jdbc.BaseJdbcLogger 142 debug - ==>  Preparing: select * from t_first_product AS fp,t_goodsbrand AS b WHERE fp.bid=b.id limit ?,? 
17:10:31.101 DEBUG org.apache.ibatis.logging.jdbc.BaseJdbcLogger 142 debug - ==> Parameters: 0(Integer), 5(Integer)
17:10:31.105 DEBUG org.apache.ibatis.logging.jdbc.BaseJdbcLogger 142 debug - <==      Total: 5
17:10:33.475 DEBUG org.apache.ibatis.logging.jdbc.BaseJdbcLogger 142 debug - ==>  Preparing: select * from t_first_product AS fp,t_goodsbrand AS b WHERE fp.bid=b.id limit ?,? 
17:10:33.477 DEBUG org.apache.ibatis.logging.jdbc.BaseJdbcLogger 142 debug - ==> Parameters: 5(Integer), 5(Integer)
17:10:33.481 DEBUG org.apache.ibatis.logging.jdbc.BaseJdbcLogger 142 debug - <==      Total: 5
17:10:34.631 DEBUG org.apache.ibatis.logging.jdbc.BaseJdbcLogger 142 debug - ==>  Preparing: select * from t_first_product AS fp,t_goodsbrand AS b WHERE fp.bid=b.id limit ?,? 
17:10:34.632 DEBUG org.apache.ibatis.logging.jdbc.BaseJdbcLogger 142 debug - ==> Parameters: 10(Integer), 5(Integer)
17:10:34.633 DEBUG org.apache.ibatis.logging.jdbc.BaseJdbcLogger 142 debug - <==      Total: 2
17:10:35.973 DEBUG org.apache.ibatis.logging.jdbc.BaseJdbcLogger 142 debug - ==>  Preparing: select * from t_first_product AS fp,t_goodsbrand AS b WHERE fp.bid=b.id limit ?,? 
17:10:35.974 DEBUG org.apache.ibatis.logging.jdbc.BaseJdbcLogger 142 debug - ==> Parameters: 0(Integer), 5(Integer)
17:10:35.978 DEBUG org.apache.ibatis.logging.jdbc.BaseJdbcLogger 142 debug - <==      Total: 5
17:47:33.335 DEBUG org.apache.ibatis.logging.LogFactory 135 setImplementation - Logging initialized using 'class org.apache.ibatis.logging.log4j2.Log4j2Impl' adapter.
17:47:42.075 DEBUG org.apache.ibatis.logging.jdbc.BaseJdbcLogger 142 debug - ==>  Preparing: select * from t_goodsbrand limit ?,? 
17:47:42.104 DEBUG org.apache.ibatis.logging.jdbc.BaseJdbcLogger 142 debug - ==> Parameters: 0(Integer), 5(Integer)
17:47:42.122 DEBUG org.apache.ibatis.logging.jdbc.BaseJdbcLogger 142 debug - <==      Total: 5
17:47:43.533 DEBUG org.apache.ibatis.logging.jdbc.BaseJdbcLogger 142 debug - ==>  Preparing: select * from t_goodsbrand limit ?,? 
17:47:43.534 DEBUG org.apache.ibatis.logging.jdbc.BaseJdbcLogger 142 debug - ==> Parameters: 0(Integer), 5(Integer)
17:47:43.536 DEBUG org.apache.ibatis.logging.jdbc.BaseJdbcLogger 142 debug - <==      Total: 5
17:47:43.557 DEBUG org.apache.ibatis.logging.jdbc.BaseJdbcLogger 142 debug - ==>  Preparing: select * from t_goodsbrand limit ?,? 
17:47:43.558 DEBUG org.apache.ibatis.logging.jdbc.BaseJdbcLogger 142 debug - ==> Parameters: 0(Integer), 5(Integer)
17:47:43.561 DEBUG org.apache.ibatis.logging.jdbc.BaseJdbcLogger 142 debug - <==      Total: 5
17:47:55.438 DEBUG org.apache.ibatis.logging.jdbc.BaseJdbcLogger 142 debug - ==>  Preparing: select * from t_goodsType limit ?,? 
17:47:55.439 DEBUG org.apache.ibatis.logging.jdbc.BaseJdbcLogger 142 debug - ==> Parameters: 0(Integer), 5(Integer)
17:47:55.443 DEBUG org.apache.ibatis.logging.jdbc.BaseJdbcLogger 142 debug - <==      Total: 5
17:53:54.159 DEBUG org.apache.ibatis.logging.LogFactory 135 setImplementation - Logging initialized using 'class org.apache.ibatis.logging.log4j2.Log4j2Impl' adapter.
17:54:45.103 DEBUG org.apache.ibatis.logging.jdbc.BaseJdbcLogger 142 debug - ==>  Preparing: select * from t_goodsType limit ?,? 
17:54:45.129 DEBUG org.apache.ibatis.logging.jdbc.BaseJdbcLogger 142 debug - ==> Parameters: 0(Integer), 5(Integer)
17:54:45.148 DEBUG org.apache.ibatis.logging.jdbc.BaseJdbcLogger 142 debug - <==      Total: 5
17:54:46.285 DEBUG org.apache.ibatis.logging.jdbc.BaseJdbcLogger 142 debug - ==>  Preparing: select * from t_goodsbrand limit ?,? 
17:54:46.286 DEBUG org.apache.ibatis.logging.jdbc.BaseJdbcLogger 142 debug - ==> Parameters: 0(Integer), 5(Integer)
17:54:46.289 DEBUG org.apache.ibatis.logging.jdbc.BaseJdbcLogger 142 debug - <==      Total: 5
17:54:46.333 DEBUG org.apache.ibatis.logging.jdbc.BaseJdbcLogger 142 debug - ==>  Preparing: select * from t_goodsType limit ?,? 
17:54:46.334 DEBUG org.apache.ibatis.logging.jdbc.BaseJdbcLogger 142 debug - ==> Parameters: 0(Integer), 5(Integer)
17:54:46.339 DEBUG org.apache.ibatis.logging.jdbc.BaseJdbcLogger 142 debug - <==      Total: 5
17:54:55.815 DEBUG org.apache.ibatis.logging.jdbc.BaseJdbcLogger 142 debug - ==>  Preparing: select * from t_goodsType limit ?,? 
17:54:55.817 DEBUG org.apache.ibatis.logging.jdbc.BaseJdbcLogger 142 debug - ==> Parameters: 5(Integer), 5(Integer)
17:54:55.819 DEBUG org.apache.ibatis.logging.jdbc.BaseJdbcLogger 142 debug - <==      Total: 5
17:55:02.195 DEBUG org.apache.ibatis.logging.jdbc.BaseJdbcLogger 142 debug - ==>  Preparing: select * from t_goodsType limit ?,? 
17:55:02.197 DEBUG org.apache.ibatis.logging.jdbc.BaseJdbcLogger 142 debug - ==> Parameters: 0(Integer), 5(Integer)
17:55:02.200 DEBUG org.apache.ibatis.logging.jdbc.BaseJdbcLogger 142 debug - <==      Total: 5
17:55:20.707 DEBUG org.apache.ibatis.logging.jdbc.BaseJdbcLogger 142 debug - ==>  Preparing: select * from t_goodsType limit ?,? 
17:55:20.708 DEBUG org.apache.ibatis.logging.jdbc.BaseJdbcLogger 142 debug - ==> Parameters: 0(Integer), 5(Integer)
17:55:20.713 DEBUG org.apache.ibatis.logging.jdbc.BaseJdbcLogger 142 debug - <==      Total: 5
17:55:22.081 DEBUG org.apache.ibatis.logging.jdbc.BaseJdbcLogger 142 debug - ==>  Preparing: select * from t_goodsbrand limit ?,? 
17:55:22.082 DEBUG org.apache.ibatis.logging.jdbc.BaseJdbcLogger 142 debug - ==> Parameters: 0(Integer), 5(Integer)
17:55:22.084 DEBUG org.apache.ibatis.logging.jdbc.BaseJdbcLogger 142 debug - <==      Total: 5
17:55:22.121 DEBUG org.apache.ibatis.logging.jdbc.BaseJdbcLogger 142 debug - ==>  Preparing: select * from t_goodsType limit ?,? 
17:55:22.123 DEBUG org.apache.ibatis.logging.jdbc.BaseJdbcLogger 142 debug - ==> Parameters: 0(Integer), 5(Integer)
17:55:22.126 DEBUG org.apache.ibatis.logging.jdbc.BaseJdbcLogger 142 debug - <==      Total: 5
17:55:34.850 DEBUG org.apache.ibatis.logging.jdbc.BaseJdbcLogger 142 debug - ==>  Preparing: select * from t_goodsType limit ?,? 
17:55:34.851 DEBUG org.apache.ibatis.logging.jdbc.BaseJdbcLogger 142 debug - ==> Parameters: 0(Integer), 5(Integer)
17:55:34.853 DEBUG org.apache.ibatis.logging.jdbc.BaseJdbcLogger 142 debug - <==      Total: 5
17:55:35.626 DEBUG org.apache.ibatis.logging.jdbc.BaseJdbcLogger 142 debug - ==>  Preparing: select * from t_goodsbrand limit ?,? 
17:55:35.628 DEBUG org.apache.ibatis.logging.jdbc.BaseJdbcLogger 142 debug - ==> Parameters: 0(Integer), 5(Integer)
17:55:35.632 DEBUG org.apache.ibatis.logging.jdbc.BaseJdbcLogger 142 debug - <==      Total: 5
17:55:35.661 DEBUG org.apache.ibatis.logging.jdbc.BaseJdbcLogger 142 debug - ==>  Preparing: select * from t_goodsType limit ?,? 
17:55:35.662 DEBUG org.apache.ibatis.logging.jdbc.BaseJdbcLogger 142 debug - ==> Parameters: 0(Integer), 5(Integer)
17:55:35.664 DEBUG org.apache.ibatis.logging.jdbc.BaseJdbcLogger 142 debug - <==      Total: 5
17:55:37.301 DEBUG org.apache.ibatis.logging.jdbc.BaseJdbcLogger 142 debug - ==>  Preparing: select * from t_goodsType limit ?,? 
17:55:37.303 DEBUG org.apache.ibatis.logging.jdbc.BaseJdbcLogger 142 debug - ==> Parameters: 5(Integer), 5(Integer)
17:55:37.306 DEBUG org.apache.ibatis.logging.jdbc.BaseJdbcLogger 142 debug - <==      Total: 5
17:55:37.943 DEBUG org.apache.ibatis.logging.jdbc.BaseJdbcLogger 142 debug - ==>  Preparing: select * from t_goodsType limit ?,? 
17:55:37.944 DEBUG org.apache.ibatis.logging.jdbc.BaseJdbcLogger 142 debug - ==> Parameters: 10(Integer), 5(Integer)
17:55:37.947 DEBUG org.apache.ibatis.logging.jdbc.BaseJdbcLogger 142 debug - <==      Total: 2
17:55:40.438 DEBUG org.apache.ibatis.logging.jdbc.BaseJdbcLogger 142 debug - ==>  Preparing: select * from t_goodsType limit ?,? 
17:55:40.439 DEBUG org.apache.ibatis.logging.jdbc.BaseJdbcLogger 142 debug - ==> Parameters: 0(Integer), 5(Integer)
17:55:40.441 DEBUG org.apache.ibatis.logging.jdbc.BaseJdbcLogger 142 debug - <==      Total: 5
17:56:10.322 DEBUG org.apache.ibatis.logging.jdbc.BaseJdbcLogger 142 debug - ==>  Preparing: /* SELECT * from t_first_goods AS fg,t_first_product as fp WHERE fg.first_pid=fp.id and fg.attribute=0*/ SELECT * from t_first_goods AS fg,t_first_product as fp ,t_goodsbrand AS b WHERE fg.first_pid=fp.id and fg.attribute=0 AND fp.bid=b.id 
17:56:10.323 DEBUG org.apache.ibatis.logging.jdbc.BaseJdbcLogger 142 debug - ==> Parameters: 
17:56:10.337 DEBUG org.apache.ibatis.logging.jdbc.BaseJdbcLogger 142 debug - <==      Total: 7
17:56:28.369 DEBUG org.apache.ibatis.logging.jdbc.BaseJdbcLogger 142 debug - ==>  Preparing: select * from t_first_product AS fp,t_goodsbrand AS b WHERE fp.bid=b.id limit ?,? 
17:56:28.370 DEBUG org.apache.ibatis.logging.jdbc.BaseJdbcLogger 142 debug - ==> Parameters: 0(Integer), 5(Integer)
17:56:28.407 DEBUG org.apache.ibatis.logging.jdbc.BaseJdbcLogger 142 debug - <==      Total: 5
17:56:29.294 DEBUG org.apache.ibatis.logging.jdbc.BaseJdbcLogger 142 debug - ==>  Preparing: select * from t_first_product AS fp,t_goodsbrand AS b WHERE fp.bid=b.id limit ?,? 
17:56:29.297 DEBUG org.apache.ibatis.logging.jdbc.BaseJdbcLogger 142 debug - ==> Parameters: 0(Integer), 5(Integer)
17:56:29.302 DEBUG org.apache.ibatis.logging.jdbc.BaseJdbcLogger 142 debug - <==      Total: 5
17:56:29.333 DEBUG org.apache.ibatis.logging.jdbc.BaseJdbcLogger 142 debug - ==>  Preparing: select * from t_first_product AS fp,t_goodsbrand AS b WHERE fp.bid=b.id limit ?,? 
17:56:29.334 DEBUG org.apache.ibatis.logging.jdbc.BaseJdbcLogger 142 debug - ==> Parameters: 0(Integer), 5(Integer)
17:56:29.336 DEBUG org.apache.ibatis.logging.jdbc.BaseJdbcLogger 142 debug - <==      Total: 5
21:03:44.959 DEBUG org.apache.ibatis.logging.jdbc.BaseJdbcLogger 142 debug - ==>  Preparing: select * from t_goodsType limit ?,? 
21:03:44.966 DEBUG org.apache.ibatis.logging.jdbc.BaseJdbcLogger 142 debug - ==> Parameters: 5(Integer), 5(Integer)
21:03:44.969 DEBUG org.apache.ibatis.logging.jdbc.BaseJdbcLogger 142 debug - <==      Total: 5
21:03:45.951 DEBUG org.apache.ibatis.logging.jdbc.BaseJdbcLogger 142 debug - ==>  Preparing: select * from t_goodsType limit ?,? 
21:03:45.952 DEBUG org.apache.ibatis.logging.jdbc.BaseJdbcLogger 142 debug - ==> Parameters: 0(Integer), 5(Integer)
21:03:45.954 DEBUG org.apache.ibatis.logging.jdbc.BaseJdbcLogger 142 debug - <==      Total: 5
21:03:47.451 DEBUG org.apache.ibatis.logging.jdbc.BaseJdbcLogger 142 debug - ==>  Preparing: select * from t_goodsType limit ?,? 
21:03:47.453 DEBUG org.apache.ibatis.logging.jdbc.BaseJdbcLogger 142 debug - ==> Parameters: 0(Integer), 10(Integer)
21:03:47.456 DEBUG org.apache.ibatis.logging.jdbc.BaseJdbcLogger 142 debug - <==      Total: 10
21:03:49.880 DEBUG org.apache.ibatis.logging.jdbc.BaseJdbcLogger 142 debug - ==>  Preparing: select * from t_goodsType limit ?,? 
21:03:49.882 DEBUG org.apache.ibatis.logging.jdbc.BaseJdbcLogger 142 debug - ==> Parameters: 10(Integer), 10(Integer)
21:03:49.884 DEBUG org.apache.ibatis.logging.jdbc.BaseJdbcLogger 142 debug - <==      Total: 2
21:03:51.939 DEBUG org.apache.ibatis.logging.jdbc.BaseJdbcLogger 142 debug - ==>  Preparing: select * from t_goodsType limit ?,? 
21:03:51.940 DEBUG org.apache.ibatis.logging.jdbc.BaseJdbcLogger 142 debug - ==> Parameters: 0(Integer), 10(Integer)
21:03:51.942 DEBUG org.apache.ibatis.logging.jdbc.BaseJdbcLogger 142 debug - <==      Total: 10
